<?xml version="1.0" encoding="utf-8" standalone="no"?>
<!--This file represents the results of running a test suite-->
<test-results name="F:\SelfPro\YooloSoft.LPComponent\YooloSoft.LPComponent.NunitTest\bin\Debug\YooloSoft.LPComponent.NunitTest.dll" total="3" errors="0" failures="0" not-run="0" inconclusive="0" ignored="0" skipped="0" invalid="0" date="2013-08-08" time="19:17:54">
  <environment nunit-version="2.6.2.12296" clr-version="2.0.50727.5466" os-version="Microsoft Windows NT 6.1.7601 Service Pack 1" platform="Win32NT" cwd="C:\Program Files (x86)\NUnit 2.6.2\bin" machine-name="HUANGHONG-PC" user="Administrator" user-domain="HUANGHONG-PC" />
  <culture-info current-culture="zh-CN" current-uiculture="zh-CN" />
  <test-suite type="Assembly" name="F:\SelfPro\YooloSoft.LPComponent\YooloSoft.LPComponent.NunitTest\bin\Debug\YooloSoft.LPComponent.NunitTest.dll" executed="True" result="Success" success="True" time="0.014" asserts="0">
    <results>
      <test-suite type="Namespace" name="YooloSoft" executed="True" result="Success" success="True" time="0.013" asserts="0">
        <results>
          <test-suite type="Namespace" name="LPComponent" executed="True" result="Success" success="True" time="0.013" asserts="0">
            <results>
              <test-suite type="Namespace" name="NunitTest" executed="True" result="Success" success="True" time="0.013" asserts="0">
                <results>
                  <test-suite type="Namespace" name="Common" executed="True" result="Success" success="True" time="0.012" asserts="0">
                    <results>
                      <test-suite type="TestFixture" name="SingleTemplateTest" executed="True" result="Success" success="True" time="0.012" asserts="0">
                        <results>
                          <test-case name="YooloSoft.LPComponent.NunitTest.Common.SingleTemplateTest.ObjectEqualMutiThreadTest" executed="True" result="Success" success="True" time="0.004" asserts="0">
                            <reason>
                              <message><![CDATA[单例构造成功!]]></message>
                            </reason>
                          </test-case>
                          <test-case name="YooloSoft.LPComponent.NunitTest.Common.SingleTemplateTest.ObjectEqualTest" executed="True" result="Success" success="True" time="0.000" asserts="1" />
                          <test-case name="YooloSoft.LPComponent.NunitTest.Common.SingleTemplateTest.ObjectNotEqualTest" executed="True" result="Success" success="True" time="0.000" asserts="1" />
                        </results>
                      </test-suite>
                    </results>
                  </test-suite>
                </results>
              </test-suite>
            </results>
          </test-suite>
        </results>
      </test-suite>
    </results>
  </test-suite>
</test-results>